app/build/outputs/logs/manifest-merger-debug-report.txt
-- Merging decision tree log ---
manifest
ADDED from src/main/AndroidManifest.xml:2:1-61:12
	xmlns:android
		ADDED from src/main/AndroidManifest.xml:2:11-69
	package
		ADDED from src/main/AndroidManifest.xml:3:5-42
		INJECTED from src/main/AndroidManifest.xml
		INJECTED from src/main/AndroidManifest.xml
uses-permission#android.permission.INTERNET
ADDED from src/main/AndroidManifest.xml:5:5-67
	android:name
		ADDED from src/main/AndroidManifest.xml:5:22-64
uses-permission#android.permission.READ_EXTERNAL_STORAGE
ADDED from src/main/AndroidManifest.xml:6:5-80
	android:name
		ADDED from src/main/AndroidManifest.xml:6:22-77
uses-permission#android.permission.WRITE_EXTERNAL_STORAGE
ADDED from src/main/AndroidManifest.xml:7:5-81
	android:name
		ADDED from src/main/AndroidManifest.xml:7:22-78
application
ADDED from src/main/AndroidManifest.xml:9:5-59:19
	android:label
		ADDED from src/main/AndroidManifest.xml:12:9-41
	android:allowBackup
		ADDED from src/main/AndroidManifest.xml:10:9-35
	android:icon
		ADDED from src/main/AndroidManifest.xml:11:9-43
	android:theme
		ADDED from src/main/AndroidManifest.xml:13:9-40
activity#com.sendbird.android.sample.MainActivity
ADDED from src/main/AndroidManifest.xml:14:9-23:20
	android:windowSoftInputMode
		ADDED from src/main/AndroidManifest.xml:17:13-70
	android:label
		ADDED from src/main/AndroidManifest.xml:16:13-45
	android:name
		ADDED from src/main/AndroidManifest.xml:15:13-41
intent-filter#android.intent.action.MAIN+android.intent.category.LAUNCHER
ADDED from src/main/AndroidManifest.xml:19:13-22:29
action#android.intent.action.MAIN
ADDED from src/main/AndroidManifest.xml:20:17-69
	android:name
		ADDED from src/main/AndroidManifest.xml:20:25-66
category#android.intent.category.LAUNCHER
ADDED from src/main/AndroidManifest.xml:21:17-77
	android:name
		ADDED from src/main/AndroidManifest.xml:21:27-74
activity#com.sendbird.android.sample.SendBirdChatActivity
ADDED from src/main/AndroidManifest.xml:24:9-30:20
	android:windowSoftInputMode
		ADDED from src/main/AndroidManifest.xml:28:13-73
	android:label
		ADDED from src/main/AndroidManifest.xml:26:13-37
	android:configChanges
		ADDED from src/main/AndroidManifest.xml:27:13-59
	android:name
		ADDED from src/main/AndroidManifest.xml:25:13-49
activity#com.sendbird.android.sample.SendBirdUserListActivity
ADDED from src/main/AndroidManifest.xml:31:9-37:20
	android:windowSoftInputMode
		ADDED from src/main/AndroidManifest.xml:35:13-73
	android:label
		ADDED from src/main/AndroidManifest.xml:33:13-37
	android:configChanges
		ADDED from src/main/AndroidManifest.xml:34:13-59
	android:name
		ADDED from src/main/AndroidManifest.xml:32:13-53
activity#com.sendbird.android.sample.SendBirdChannelListActivity
ADDED from src/main/AndroidManifest.xml:38:9-44:20
	android:windowSoftInputMode
		ADDED from src/main/AndroidManifest.xml:42:13-73
	android:label
		ADDED from src/main/AndroidManifest.xml:40:13-37
	android:configChanges
		ADDED from src/main/AndroidManifest.xml:41:13-59
	android:name
		ADDED from src/main/AndroidManifest.xml:39:13-56
activity#com.sendbird.android.sample.SendBirdMessagingActivity
ADDED from src/main/AndroidManifest.xml:45:9-51:20
	android:windowSoftInputMode
		ADDED from src/main/AndroidManifest.xml:49:13-73
	android:label
		ADDED from src/main/AndroidManifest.xml:47:13-37
	android:configChanges
		ADDED from src/main/AndroidManifest.xml:48:13-59
	android:name
		ADDED from src/main/AndroidManifest.xml:46:13-54
activity#com.sendbird.android.sample.SendBirdMessagingChannelListActivity
ADDED from src/main/AndroidManifest.xml:52:9-58:20
	android:windowSoftInputMode
		ADDED from src/main/AndroidManifest.xml:56:13-73
	android:label
		ADDED from src/main/AndroidManifest.xml:54:13-37
	android:configChanges
		ADDED from src/main/AndroidManifest.xml:55:13-59
	android:name
		ADDED from src/main/AndroidManifest.xml:53:13-65
uses-sdk
INJECTED from src/main/AndroidManifest.xml reason: use-sdk injection requested
	android:targetSdkVersion
		INJECTED from src/main/AndroidManifest.xml
		INJECTED from src/main/AndroidManifest.xml
	android:minSdkVersion
		INJECTED from src/main/AndroidManifest.xml
		INJECTED from src/main/AndroidManifest.xml